{"/Users/minhthao/Desktop/App Todo use Node JS/backend/src/models/todo.js": {"path":"/Users/minhthao/Desktop/App Todo use Node JS/backend/src/models/todo.js","statementMap":{"0":{"start":{"line":1,"column":14},"end":{"line":1,"column":16}},"1":{"start":{"line":4,"column":0},"end":{"line":11,"column":2}},"2":{"start":{"line":5,"column":19},"end":{"line":8,"column":3}},"3":{"start":{"line":9,"column":2},"end":{"line":9,"column":23}},"4":{"start":{"line":10,"column":2},"end":{"line":10,"column":18}},"5":{"start":{"line":13,"column":0},"end":{"line":24,"column":2}},"6":{"start":{"line":14,"column":16},"end":{"line":14,"column":54}},"7":{"start":{"line":14,"column":37},"end":{"line":14,"column":53}},"8":{"start":{"line":15,"column":2},"end":{"line":23,"column":3}},"9":{"start":{"line":16,"column":4},"end":{"line":19,"column":6}},"10":{"start":{"line":20,"column":4},"end":{"line":20,"column":26}},"11":{"start":{"line":22,"column":4},"end":{"line":22,"column":17}},"12":{"start":{"line":26,"column":0},"end":{"line":34,"column":1}},"13":{"start":{"line":27,"column":18},"end":{"line":27,"column":57}},"14":{"start":{"line":27,"column":42},"end":{"line":27,"column":56}},"15":{"start":{"line":28,"column":2},"end":{"line":30,"column":3}},"16":{"start":{"line":29,"column":4},"end":{"line":29,"column":17}},"17":{"start":{"line":32,"column":2},"end":{"line":32,"column":27}},"18":{"start":{"line":33,"column":2},"end":{"line":33,"column":14}},"19":{"start":{"line":38,"column":0},"end":{"line":47,"column":1}},"20":{"start":{"line":39,"column":2},"end":{"line":46,"column":3}},"21":{"start":{"line":40,"column":4},"end":{"line":40,"column":16}},"22":{"start":{"line":44,"column":8},"end":{"line":44,"column":14}},"23":{"start":{"line":45,"column":4},"end":{"line":45,"column":56}},"24":{"start":{"line":45,"column":29},"end":{"line":45,"column":54}},"25":{"start":{"line":48,"column":0},"end":{"line":48,"column":21}}},"fnMap":{"0":{"name":"(anonymous_0)","decl":{"start":{"line":4,"column":17},"end":{"line":4,"column":18}},"loc":{"start":{"line":4,"column":25},"end":{"line":11,"column":1}},"line":4},"1":{"name":"(anonymous_1)","decl":{"start":{"line":13,"column":21},"end":{"line":13,"column":22}},"loc":{"start":{"line":13,"column":29},"end":{"line":24,"column":1}},"line":13},"2":{"name":"(anonymous_2)","decl":{"start":{"line":14,"column":32},"end":{"line":14,"column":33}},"loc":{"start":{"line":14,"column":37},"end":{"line":14,"column":53}},"line":14},"3":{"name":"(anonymous_3)","decl":{"start":{"line":26,"column":21},"end":{"line":26,"column":22}},"loc":{"start":{"line":26,"column":27},"end":{"line":34,"column":1}},"line":26},"4":{"name":"(anonymous_4)","decl":{"start":{"line":27,"column":34},"end":{"line":27,"column":35}},"loc":{"start":{"line":27,"column":42},"end":{"line":27,"column":56}},"line":27},"5":{"name":"(anonymous_5)","decl":{"start":{"line":38,"column":18},"end":{"line":38,"column":19}},"loc":{"start":{"line":38,"column":28},"end":{"line":47,"column":1}},"line":38},"6":{"name":"(anonymous_6)","decl":{"start":{"line":45,"column":24},"end":{"line":45,"column":25}},"loc":{"start":{"line":45,"column":29},"end":{"line":45,"column":54}},"line":45}},"branchMap":{"0":{"loc":{"start":{"line":15,"column":2},"end":{"line":23,"column":3}},"type":"if","locations":[{"start":{"line":15,"column":2},"end":{"line":23,"column":3}},{"start":{"line":15,"column":2},"end":{"line":23,"column":3}}],"line":15},"1":{"loc":{"start":{"line":28,"column":2},"end":{"line":30,"column":3}},"type":"if","locations":[{"start":{"line":28,"column":2},"end":{"line":30,"column":3}},{"start":{"line":28,"column":2},"end":{"line":30,"column":3}}],"line":28},"2":{"loc":{"start":{"line":39,"column":2},"end":{"line":46,"column":3}},"type":"if","locations":[{"start":{"line":39,"column":2},"end":{"line":46,"column":3}},{"start":{"line":39,"column":2},"end":{"line":46,"column":3}}],"line":39}},"s":{"0":1,"1":1,"2":5,"3":5,"4":5,"5":1,"6":3,"7":4,"8":3,"9":2,"10":2,"11":1,"12":1,"13":2,"14":2,"15":2,"16":1,"17":1,"18":1,"19":1,"20":2,"21":1,"22":1,"23":1,"24":4,"25":1},"f":{"0":5,"1":3,"2":4,"3":2,"4":2,"5":2,"6":4},"b":{"0":[2,1],"1":[1,1],"2":[1,1]},"_coverageSchema":"1a1c01bbd47fc00a2c39e90264f33305004495a9","hash":"32912b0a1efb6241eadd751993a6459d04213842"}
}
