TN:
SF:src/models/todo.js
FN:4,(anonymous_0)
FN:13,(anonymous_1)
FN:14,(anonymous_2)
FN:26,(anonymous_3)
FN:27,(anonymous_4)
FN:38,(anonymous_5)
FN:45,(anonymous_6)
FNF:7
FNH:7
FNDA:5,(anonymous_0)
FNDA:3,(anonymous_1)
FNDA:4,(anonymous_2)
FNDA:2,(anonymous_3)
FNDA:2,(anonymous_4)
FNDA:2,(anonymous_5)
FNDA:4,(anonymous_6)
DA:1,1
DA:4,1
DA:5,5
DA:9,5
DA:10,5
DA:13,1
DA:14,4
DA:15,3
DA:16,2
DA:20,2
DA:22,1
DA:26,1
DA:27,2
DA:28,2
DA:29,1
DA:32,1
DA:33,1
DA:38,1
DA:39,2
DA:40,1
DA:44,1
DA:45,4
DA:48,1
LF:23
LH:23
BRDA:15,0,0,2
BRDA:15,0,1,1
BRDA:28,1,0,1
BRDA:28,1,1,1
BRDA:39,2,0,1
BRDA:39,2,1,1
BRF:6
BRH:6
end_of_record
